<?xml version="1.0" encoding="UTF-8"?>
<testng-results skipped="0" failed="0" total="2" passed="2">
  <reporter-output>
  </reporter-output>
  <suite name="Suite" duration-ms="12400" started-at="2018-06-01T10:13:47Z" finished-at="2018-06-01T10:14:00Z">
    <groups>
    </groups>
    <test name="Test" duration-ms="12400" started-at="2018-06-01T10:13:47Z" finished-at="2018-06-01T10:14:00Z">
      <class name="Test_Cases.Login_2">
        <test-method status="PASS" signature="browser()[pri:0, instance:Test_Cases.Login_2@2b2948e2]" name="browser" is-config="true" duration-ms="11402" started-at="2018-06-01T15:43:36Z" finished-at="2018-06-01T15:43:47Z">
          <reporter-output>
          </reporter-output>
        </test-method> <!-- browser -->
        <test-method status="PASS" signature="initialiseReport()[pri:0, instance:Test_Cases.Login_2@2b2948e2]" name="initialiseReport" is-config="true" duration-ms="485" started-at="2018-06-01T15:43:47Z" finished-at="2018-06-01T15:43:48Z">
          <reporter-output>
          </reporter-output>
        </test-method> <!-- initialiseReport -->
        <test-method status="PASS" signature="runTimeTcName(java.lang.reflect.Method)[pri:0, instance:Test_Cases.Login_2@2b2948e2]" name="runTimeTcName" is-config="true" duration-ms="4" started-at="2018-06-01T15:43:49Z" finished-at="2018-06-01T15:43:49Z">
          <params>
            <param index="0">
              <value>
                <![CDATA[public void Test_Cases.Login_2.login(java.lang.String,java.lang.String) throws java.io.IOException]]>
              </value>
            </param>
          </params>
          <reporter-output>
          </reporter-output>
        </test-method> <!-- runTimeTcName -->
        <test-method status="PASS" signature="login(java.lang.String, java.lang.String)[pri:0, instance:Test_Cases.Login_2@2b2948e2]" name="login" duration-ms="3439" started-at="2018-06-01T15:43:49Z" data-provider="getdata" finished-at="2018-06-01T15:43:53Z">
          <params>
            <param index="0">
              <value>
                <![CDATA[Admin]]>
              </value>
            </param>
            <param index="1">
              <value>
                <![CDATA[admin]]>
              </value>
            </param>
          </params>
          <reporter-output>
          </reporter-output>
        </test-method> <!-- login -->
        <test-method status="PASS" signature="getTestCaseStatus(org.testng.ITestResult)[pri:0, instance:Test_Cases.Login_2@2b2948e2]" name="getTestCaseStatus" is-config="true" duration-ms="176" started-at="2018-06-01T15:43:53Z" finished-at="2018-06-01T15:43:53Z">
          <params>
            <param index="0">
              <value>
                <![CDATA[[TestResult name=login status=SUCCESS method=Login_2.login(java.lang.String, java.lang.String)[pri:0, instance:Test_Cases.Login_2@2b2948e2] output={null}]]]>
              </value>
            </param>
          </params>
          <reporter-output>
          </reporter-output>
        </test-method> <!-- getTestCaseStatus -->
        <test-method status="PASS" signature="logout()[pri:1, instance:Test_Cases.Login_2@2b2948e2]" name="logout" duration-ms="6162" started-at="2018-06-01T15:43:53Z" finished-at="2018-06-01T15:43:59Z">
          <reporter-output>
          </reporter-output>
        </test-method> <!-- logout -->
        <test-method status="PASS" signature="runTimeTcName(java.lang.reflect.Method)[pri:0, instance:Test_Cases.Login_2@2b2948e2]" name="runTimeTcName" is-config="true" duration-ms="0" started-at="2018-06-01T15:43:53Z" finished-at="2018-06-01T15:43:53Z">
          <params>
            <param index="0">
              <value>
                <![CDATA[public void Test_Cases.Login_2.logout() throws java.lang.Throwable]]>
              </value>
            </param>
          </params>
          <reporter-output>
          </reporter-output>
        </test-method> <!-- runTimeTcName -->
        <test-method status="PASS" signature="getTestCaseStatus(org.testng.ITestResult)[pri:0, instance:Test_Cases.Login_2@2b2948e2]" name="getTestCaseStatus" is-config="true" duration-ms="181" started-at="2018-06-01T15:43:59Z" finished-at="2018-06-01T15:43:59Z">
          <params>
            <param index="0">
              <value>
                <![CDATA[[TestResult name=logout status=SUCCESS method=Login_2.logout()[pri:1, instance:Test_Cases.Login_2@2b2948e2] output={null}]]]>
              </value>
            </param>
          </params>
          <reporter-output>
          </reporter-output>
        </test-method> <!-- getTestCaseStatus -->
        <test-method status="PASS" signature="endReport()[pri:0, instance:Test_Cases.Login_2@2b2948e2]" name="endReport" is-config="true" duration-ms="458" started-at="2018-06-01T15:43:59Z" finished-at="2018-06-01T15:44:00Z">
          <reporter-output>
          </reporter-output>
        </test-method> <!-- endReport -->
        <test-method status="PASS" signature="close()[pri:0, instance:Test_Cases.Login_2@2b2948e2]" name="close" is-config="true" duration-ms="33" started-at="2018-06-01T15:44:00Z" finished-at="2018-06-01T15:44:00Z">
          <reporter-output>
          </reporter-output>
        </test-method> <!-- close -->
      </class> <!-- Test_Cases.Login_2 -->
    </test> <!-- Test -->
  </suite> <!-- Suite -->
</testng-results>
